[handleMsg]:  {
  key: {
    remoteJid: '34620992036@s.whatsapp.net',
    fromMe: false,
    id: '3EB0320B98FE7C9FFFD2A2',
    participant: undefined
  },
  messageTimestamp: 1680892638,
  pushName: 'Pablo Nieto',
  message: Message {
    conversation: 'vestidos de novia',
    messageContextInfo: MessageContextInfo {
      deviceListMetadata: [DeviceListMetadata],
      deviceListMetadataVersion: 2
    }
  },
  body: 'vestidos de novia',
  from: '34620992036'
}
[handleMsg]:  {
  key: {
    remoteJid: '34620992036@s.whatsapp.net',
    fromMe: false,
    id: '3EB0C8D1C24BD1CB5A11F6',
    participant: undefined
  },
  messageTimestamp: 1680892649,
  pushName: 'Pablo Nieto',
  message: Message {
    conversation: 'bot ON',
    messageContextInfo: MessageContextInfo {
      deviceListMetadata: [DeviceListMetadata],
      deviceListMetadataVersion: 2
    }
  },
  body: 'bot ON',
  from: '34620992036'
}
[handleMsg]:  {
  key: {
    remoteJid: '34620992036@s.whatsapp.net',
    fromMe: false,
    id: '3EB066513504D70D45032B',
    participant: undefined
  },
  messageTimestamp: 1680892661,
  pushName: 'Pablo Nieto',
  message: Message {
    conversation: 'vestidos de novia',
    messageContextInfo: MessageContextInfo {
      deviceListMetadata: [DeviceListMetadata],
      deviceListMetadataVersion: 2
    }
  },
  body: 'vestidos de novia',
  from: '34620992036'
}
